{"E:\\Project\\To-do_List\\backend\\src\\app.js": {"path":"E:\\Project\\To-do_List\\backend\\src\\app.js","statementMap":{"0":{"start":{"line":1,"column":16},"end":{"line":1,"column":34}},"1":{"start":{"line":2,"column":13},"end":{"line":2,"column":28}},"2":{"start":{"line":3,"column":19},"end":{"line":3,"column":44}},"3":{"start":{"line":5,"column":12},"end":{"line":5,"column":21}},"4":{"start":{"line":7,"column":0},"end":{"line":7,"column":16}},"5":{"start":{"line":8,"column":0},"end":{"line":8,"column":24}},"6":{"start":{"line":9,"column":0},"end":{"line":9,"column":48}},"7":{"start":{"line":11,"column":0},"end":{"line":11,"column":34}},"8":{"start":{"line":13,"column":0},"end":{"line":19,"column":3}},"9":{"start":{"line":14,"column":4},"end":{"line":18,"column":7}},"10":{"start":{"line":21,"column":0},"end":{"line":26,"column":3}},"11":{"start":{"line":22,"column":4},"end":{"line":25,"column":7}},"12":{"start":{"line":28,"column":0},"end":{"line":35,"column":3}},"13":{"start":{"line":29,"column":4},"end":{"line":29,"column":29}},"14":{"start":{"line":30,"column":4},"end":{"line":34,"column":7}},"15":{"start":{"line":37,"column":0},"end":{"line":37,"column":21}}},"fnMap":{"0":{"name":"(anonymous_0)","decl":{"start":{"line":13,"column":19},"end":{"line":13,"column":20}},"loc":{"start":{"line":13,"column":33},"end":{"line":19,"column":1}},"line":13},"1":{"name":"(anonymous_1)","decl":{"start":{"line":21,"column":8},"end":{"line":21,"column":9}},"loc":{"start":{"line":21,"column":22},"end":{"line":26,"column":1}},"line":21},"2":{"name":"(anonymous_2)","decl":{"start":{"line":28,"column":8},"end":{"line":28,"column":9}},"loc":{"start":{"line":28,"column":33},"end":{"line":35,"column":1}},"line":28}},"branchMap":{"0":{"loc":{"start":{"line":33,"column":15},"end":{"line":33,"column":79}},"type":"cond-expr","locations":[{"start":{"line":33,"column":56},"end":{"line":33,"column":67}},{"start":{"line":33,"column":70},"end":{"line":33,"column":79}}],"line":33}},"s":{"0":0,"1":0,"2":0,"3":0,"4":0,"5":0,"6":0,"7":0,"8":0,"9":0,"10":0,"11":0,"12":0,"13":0,"14":0,"15":0},"f":{"0":0,"1":0,"2":0},"b":{"0":[0,0]}}
,"E:\\Project\\To-do_List\\backend\\src\\controllers\\taskController.js": {"path":"E:\\Project\\To-do_List\\backend\\src\\controllers\\taskController.js","statementMap":{"0":{"start":{"line":1,"column":18},"end":{"line":1,"column":48}},"1":{"start":{"line":5,"column":8},"end":{"line":32,"column":9}},"2":{"start":{"line":6,"column":43},"end":{"line":6,"column":51}},"3":{"start":{"line":8,"column":12},"end":{"line":13,"column":13}},"4":{"start":{"line":9,"column":16},"end":{"line":12,"column":19}},"5":{"start":{"line":15,"column":27},"end":{"line":15,"column":75}},"6":{"start":{"line":17,"column":12},"end":{"line":25,"column":15}},"7":{"start":{"line":27,"column":12},"end":{"line":31,"column":15}},"8":{"start":{"line":36,"column":8},"end":{"line":49,"column":9}},"9":{"start":{"line":37,"column":26},"end":{"line":37,"column":59}},"10":{"start":{"line":39,"column":12},"end":{"line":42,"column":15}},"11":{"start":{"line":44,"column":12},"end":{"line":48,"column":15}},"12":{"start":{"line":53,"column":8},"end":{"line":90,"column":9}},"13":{"start":{"line":54,"column":27},"end":{"line":54,"column":37}},"14":{"start":{"line":56,"column":25},"end":{"line":56,"column":52}},"15":{"start":{"line":57,"column":12},"end":{"line":62,"column":13}},"16":{"start":{"line":58,"column":16},"end":{"line":61,"column":19}},"17":{"start":{"line":64,"column":12},"end":{"line":69,"column":13}},"18":{"start":{"line":65,"column":16},"end":{"line":68,"column":19}},"19":{"start":{"line":71,"column":28},"end":{"line":71,"column":63}},"20":{"start":{"line":73,"column":12},"end":{"line":83,"column":13}},"21":{"start":{"line":74,"column":16},"end":{"line":77,"column":19}},"22":{"start":{"line":79,"column":16},"end":{"line":82,"column":19}},"23":{"start":{"line":85,"column":12},"end":{"line":89,"column":15}},"24":{"start":{"line":94,"column":0},"end":{"line":94,"column":32}}},"fnMap":{"0":{"name":"(anonymous_0)","decl":{"start":{"line":4,"column":4},"end":{"line":4,"column":5}},"loc":{"start":{"line":4,"column":38},"end":{"line":33,"column":5}},"line":4},"1":{"name":"(anonymous_1)","decl":{"start":{"line":35,"column":4},"end":{"line":35,"column":5}},"loc":{"start":{"line":35,"column":36},"end":{"line":50,"column":5}},"line":35},"2":{"name":"(anonymous_2)","decl":{"start":{"line":52,"column":4},"end":{"line":52,"column":5}},"loc":{"start":{"line":52,"column":40},"end":{"line":91,"column":5}},"line":52}},"branchMap":{"0":{"loc":{"start":{"line":8,"column":12},"end":{"line":13,"column":13}},"type":"if","locations":[{"start":{"line":8,"column":12},"end":{"line":13,"column":13}},{"start":{},"end":{}}],"line":8},"1":{"loc":{"start":{"line":8,"column":16},"end":{"line":8,"column":45}},"type":"binary-expr","locations":[{"start":{"line":8,"column":16},"end":{"line":8,"column":22}},{"start":{"line":8,"column":26},"end":{"line":8,"column":45}}],"line":8},"2":{"loc":{"start":{"line":15,"column":57},"end":{"line":15,"column":74}},"type":"binary-expr","locations":[{"start":{"line":15,"column":57},"end":{"line":15,"column":68}},{"start":{"line":15,"column":72},"end":{"line":15,"column":74}}],"line":15},"3":{"loc":{"start":{"line":23,"column":33},"end":{"line":23,"column":50}},"type":"binary-expr","locations":[{"start":{"line":23,"column":33},"end":{"line":23,"column":44}},{"start":{"line":23,"column":48},"end":{"line":23,"column":50}}],"line":23},"4":{"loc":{"start":{"line":57,"column":12},"end":{"line":62,"column":13}},"type":"if","locations":[{"start":{"line":57,"column":12},"end":{"line":62,"column":13}},{"start":{},"end":{}}],"line":57},"5":{"loc":{"start":{"line":64,"column":12},"end":{"line":69,"column":13}},"type":"if","locations":[{"start":{"line":64,"column":12},"end":{"line":69,"column":13}},{"start":{},"end":{}}],"line":64},"6":{"loc":{"start":{"line":73,"column":12},"end":{"line":83,"column":13}},"type":"if","locations":[{"start":{"line":73,"column":12},"end":{"line":83,"column":13}},{"start":{"line":78,"column":19},"end":{"line":83,"column":13}}],"line":73}},"s":{"0":1,"1":4,"2":4,"3":4,"4":2,"5":2,"6":1,"7":1,"8":3,"9":3,"10":2,"11":1,"12":3,"13":3,"14":3,"15":3,"16":1,"17":2,"18":1,"19":1,"20":1,"21":1,"22":0,"23":0,"24":1},"f":{"0":4,"1":3,"2":3},"b":{"0":[2,2],"1":[4,3],"2":[2,0],"3":[1,0],"4":[1,2],"5":[1,1],"6":[1,0]},"_coverageSchema":"1a1c01bbd47fc00a2c39e90264f33305004495a9","hash":"e6455b191ee5bc682a3ddd5a220415a4475f1284"}
,"E:\\Project\\To-do_List\\backend\\src\\models\\taskModel.js": {"path":"E:\\Project\\To-do_List\\backend\\src\\models\\taskModel.js","statementMap":{"0":{"start":{"line":1,"column":17},"end":{"line":1,"column":46}},"1":{"start":{"line":5,"column":8},"end":{"line":13,"column":9}},"2":{"start":{"line":6,"column":29},"end":{"line":9,"column":13}},"3":{"start":{"line":10,"column":12},"end":{"line":10,"column":35}},"4":{"start":{"line":12,"column":12},"end":{"line":12,"column":69}},"5":{"start":{"line":17,"column":8},"end":{"line":25,"column":9}},"6":{"start":{"line":18,"column":27},"end":{"line":21,"column":13}},"7":{"start":{"line":22,"column":12},"end":{"line":22,"column":24}},"8":{"start":{"line":24,"column":12},"end":{"line":24,"column":70}},"9":{"start":{"line":29,"column":8},"end":{"line":37,"column":9}},"10":{"start":{"line":30,"column":27},"end":{"line":33,"column":13}},"11":{"start":{"line":34,"column":12},"end":{"line":34,"column":35}},"12":{"start":{"line":36,"column":12},"end":{"line":36,"column":69}},"13":{"start":{"line":41,"column":8},"end":{"line":49,"column":9}},"14":{"start":{"line":42,"column":29},"end":{"line":45,"column":13}},"15":{"start":{"line":46,"column":12},"end":{"line":46,"column":43}},"16":{"start":{"line":48,"column":12},"end":{"line":48,"column":69}},"17":{"start":{"line":53,"column":8},"end":{"line":57,"column":9}},"18":{"start":{"line":54,"column":12},"end":{"line":54,"column":49}},"19":{"start":{"line":56,"column":12},"end":{"line":56,"column":70}},"20":{"start":{"line":61,"column":0},"end":{"line":61,"column":27}}},"fnMap":{"0":{"name":"(anonymous_0)","decl":{"start":{"line":4,"column":4},"end":{"line":4,"column":5}},"loc":{"start":{"line":4,"column":44},"end":{"line":14,"column":5}},"line":4},"1":{"name":"(anonymous_1)","decl":{"start":{"line":16,"column":4},"end":{"line":16,"column":5}},"loc":{"start":{"line":16,"column":43},"end":{"line":26,"column":5}},"line":16},"2":{"name":"(anonymous_2)","decl":{"start":{"line":28,"column":4},"end":{"line":28,"column":5}},"loc":{"start":{"line":28,"column":29},"end":{"line":38,"column":5}},"line":28},"3":{"name":"(anonymous_3)","decl":{"start":{"line":40,"column":4},"end":{"line":40,"column":5}},"loc":{"start":{"line":40,"column":37},"end":{"line":50,"column":5}},"line":40},"4":{"name":"(anonymous_4)","decl":{"start":{"line":52,"column":4},"end":{"line":52,"column":5}},"loc":{"start":{"line":52,"column":29},"end":{"line":58,"column":5}},"line":52}},"branchMap":{"0":{"loc":{"start":{"line":16,"column":32},"end":{"line":16,"column":41}},"type":"default-arg","locations":[{"start":{"line":16,"column":40},"end":{"line":16,"column":41}}],"line":16},"1":{"loc":{"start":{"line":34,"column":19},"end":{"line":34,"column":34}},"type":"binary-expr","locations":[{"start":{"line":34,"column":19},"end":{"line":34,"column":26}},{"start":{"line":34,"column":30},"end":{"line":34,"column":34}}],"line":34}},"s":{"0":2,"1":2,"2":2,"3":1,"4":1,"5":2,"6":2,"7":2,"8":0,"9":2,"10":2,"11":2,"12":0,"13":2,"14":2,"15":2,"16":0,"17":0,"18":0,"19":0,"20":2},"f":{"0":2,"1":2,"2":2,"3":2,"4":0},"b":{"0":[0],"1":[2,1]},"_coverageSchema":"1a1c01bbd47fc00a2c39e90264f33305004495a9","hash":"eb38e519c3efee588154cb9ecedae3e26eb84412"}
,"E:\\Project\\To-do_List\\backend\\src\\routes\\tasks.js": {"path":"E:\\Project\\To-do_List\\backend\\src\\routes\\tasks.js","statementMap":{"0":{"start":{"line":1,"column":16},"end":{"line":1,"column":34}},"1":{"start":{"line":2,"column":15},"end":{"line":2,"column":31}},"2":{"start":{"line":3,"column":23},"end":{"line":3,"column":63}},"3":{"start":{"line":5,"column":0},"end":{"line":5,"column":44}},"4":{"start":{"line":6,"column":0},"end":{"line":6,"column":41}},"5":{"start":{"line":7,"column":0},"end":{"line":7,"column":57}},"6":{"start":{"line":9,"column":0},"end":{"line":9,"column":24}}},"fnMap":{},"branchMap":{},"s":{"0":0,"1":0,"2":0,"3":0,"4":0,"5":0,"6":0},"f":{},"b":{}}
}
