TN:
SF:src\app.js
FN:13,(anonymous_0)
FN:21,(anonymous_1)
FN:28,(anonymous_2)
FNF:3
FNH:0
FNDA:0,(anonymous_0)
FNDA:0,(anonymous_1)
FNDA:0,(anonymous_2)
DA:1,0
DA:2,0
DA:3,0
DA:5,0
DA:7,0
DA:8,0
DA:9,0
DA:11,0
DA:13,0
DA:14,0
DA:21,0
DA:22,0
DA:28,0
DA:29,0
DA:30,0
DA:37,0
LF:16
LH:0
BRDA:33,0,0,0
BRDA:33,0,1,0
BRF:2
BRH:0
end_of_record
TN:
SF:src\controllers\taskController.js
FN:4,(anonymous_0)
FN:35,(anonymous_1)
FN:52,(anonymous_2)
FNF:3
FNH:3
FNDA:4,(anonymous_0)
FNDA:3,(anonymous_1)
FNDA:3,(anonymous_2)
DA:1,1
DA:5,4
DA:6,4
DA:8,4
DA:9,2
DA:15,2
DA:17,1
DA:27,1
DA:36,3
DA:37,3
DA:39,2
DA:44,1
DA:53,3
DA:54,3
DA:56,3
DA:57,3
DA:58,1
DA:64,2
DA:65,1
DA:71,1
DA:73,1
DA:74,1
DA:79,0
DA:85,0
DA:94,1
LF:25
LH:23
BRDA:8,0,0,2
BRDA:8,0,1,2
BRDA:8,1,0,4
BRDA:8,1,1,3
BRDA:15,2,0,2
BRDA:15,2,1,0
BRDA:23,3,0,1
BRDA:23,3,1,0
BRDA:57,4,0,1
BRDA:57,4,1,2
BRDA:64,5,0,1
BRDA:64,5,1,1
BRDA:73,6,0,1
BRDA:73,6,1,0
BRF:14
BRH:11
end_of_record
TN:
SF:src\models\taskModel.js
FN:4,(anonymous_0)
FN:16,(anonymous_1)
FN:28,(anonymous_2)
FN:40,(anonymous_3)
FN:52,(anonymous_4)
FNF:5
FNH:4
FNDA:2,(anonymous_0)
FNDA:2,(anonymous_1)
FNDA:2,(anonymous_2)
FNDA:2,(anonymous_3)
FNDA:0,(anonymous_4)
DA:1,2
DA:5,2
DA:6,2
DA:10,1
DA:12,1
DA:17,2
DA:18,2
DA:22,2
DA:24,0
DA:29,2
DA:30,2
DA:34,2
DA:36,0
DA:41,2
DA:42,2
DA:46,2
DA:48,0
DA:53,0
DA:54,0
DA:56,0
DA:61,2
LF:21
LH:15
BRDA:16,0,0,0
BRDA:34,1,0,2
BRDA:34,1,1,1
BRF:3
BRH:2
end_of_record
TN:
SF:src\routes\tasks.js
FNF:0
FNH:0
DA:1,0
DA:2,0
DA:3,0
DA:5,0
DA:6,0
DA:7,0
DA:9,0
LF:7
LH:0
BRF:0
BRH:0
end_of_record
